

Started GET "/" for 127.0.0.1 at 2015-05-30 22:41:00 -0700
Processing by Rails::WelcomeController#index as HTML
  Rendered /opt/rubies/2.1.2/lib/ruby/gems/2.1.0/gems/railties-4.1.6/lib/rails/templates/rails/welcome/index.html.erb (2.0ms)
Completed 200 OK in 22ms (Views: 10.7ms | ActiveRecord: 0.0ms)


Started GET "/donations" for 127.0.0.1 at 2015-06-04 12:36:52 -0700

ActiveRecord::NoDatabaseError (FATAL:  database "andconf_development" does not exist
Run `$ bin/rake db:create db:migrate` to create your database):
  activerecord (4.1.6) lib/active_record/connection_adapters/postgresql_adapter.rb:898:in `rescue in connect'
  activerecord (4.1.6) lib/active_record/connection_adapters/postgresql_adapter.rb:888:in `connect'
  activerecord (4.1.6) lib/active_record/connection_adapters/postgresql_adapter.rb:568:in `initialize'
  activerecord (4.1.6) lib/active_record/connection_adapters/postgresql_adapter.rb:41:in `new'
  activerecord (4.1.6) lib/active_record/connection_adapters/postgresql_adapter.rb:41:in `postgresql_connection'
  activerecord (4.1.6) lib/active_record/connection_adapters/abstract/connection_pool.rb:435:in `new_connection'
  activerecord (4.1.6) lib/active_record/connection_adapters/abstract/connection_pool.rb:445:in `checkout_new_connection'
  activerecord (4.1.6) lib/active_record/connection_adapters/abstract/connection_pool.rb:416:in `acquire_connection'
  activerecord (4.1.6) lib/active_record/connection_adapters/abstract/connection_pool.rb:351:in `block in checkout'
  /opt/rubies/2.1.2/lib/ruby/2.1.0/monitor.rb:211:in `mon_synchronize'
  activerecord (4.1.6) lib/active_record/connection_adapters/abstract/connection_pool.rb:350:in `checkout'
  activerecord (4.1.6) lib/active_record/connection_adapters/abstract/connection_pool.rb:265:in `block in connection'
  /opt/rubies/2.1.2/lib/ruby/2.1.0/monitor.rb:211:in `mon_synchronize'
  activerecord (4.1.6) lib/active_record/connection_adapters/abstract/connection_pool.rb:264:in `connection'
  activerecord (4.1.6) lib/active_record/connection_adapters/abstract/connection_pool.rb:541:in `retrieve_connection'
  activerecord (4.1.6) lib/active_record/connection_handling.rb:113:in `retrieve_connection'
  activerecord (4.1.6) lib/active_record/connection_handling.rb:87:in `connection'
  activerecord (4.1.6) lib/active_record/query_cache.rb:51:in `restore_query_cache_settings'
  activerecord (4.1.6) lib/active_record/query_cache.rb:43:in `rescue in call'
  activerecord (4.1.6) lib/active_record/query_cache.rb:32:in `call'
  activerecord (4.1.6) lib/active_record/connection_adapters/abstract/connection_pool.rb:621:in `call'
  activerecord (4.1.6) lib/active_record/migration.rb:380:in `call'
  actionpack (4.1.6) lib/action_dispatch/middleware/callbacks.rb:29:in `block in call'
  activesupport (4.1.6) lib/active_support/callbacks.rb:82:in `run_callbacks'
  actionpack (4.1.6) lib/action_dispatch/middleware/callbacks.rb:27:in `call'
  actionpack (4.1.6) lib/action_dispatch/middleware/reloader.rb:73:in `call'
  actionpack (4.1.6) lib/action_dispatch/middleware/remote_ip.rb:76:in `call'
  actionpack (4.1.6) lib/action_dispatch/middleware/debug_exceptions.rb:17:in `call'
  actionpack (4.1.6) lib/action_dispatch/middleware/show_exceptions.rb:30:in `call'
  railties (4.1.6) lib/rails/rack/logger.rb:38:in `call_app'
  railties (4.1.6) lib/rails/rack/logger.rb:20:in `block in call'
  activesupport (4.1.6) lib/active_support/tagged_logging.rb:68:in `block in tagged'
  activesupport (4.1.6) lib/active_support/tagged_logging.rb:26:in `tagged'
  activesupport (4.1.6) lib/active_support/tagged_logging.rb:68:in `tagged'
  railties (4.1.6) lib/rails/rack/logger.rb:20:in `call'
  quiet_assets (1.1.0) lib/quiet_assets.rb:27:in `call_with_quiet_assets'
  actionpack (4.1.6) lib/action_dispatch/middleware/request_id.rb:21:in `call'
  rack (1.5.3) lib/rack/methodoverride.rb:21:in `call'
  rack (1.5.3) lib/rack/runtime.rb:17:in `call'
  activesupport (4.1.6) lib/active_support/cache/strategy/local_cache_middleware.rb:26:in `call'
  rack (1.5.3) lib/rack/lock.rb:17:in `call'
  actionpack (4.1.6) lib/action_dispatch/middleware/static.rb:64:in `call'
  rack (1.5.3) lib/rack/sendfile.rb:112:in `call'
  railties (4.1.6) lib/rails/engine.rb:514:in `call'
  railties (4.1.6) lib/rails/application.rb:144:in `call'
  rack (1.5.3) lib/rack/lock.rb:17:in `call'
  rack (1.5.3) lib/rack/content_length.rb:14:in `call'
  rack (1.5.3) lib/rack/handler/webrick.rb:60:in `service'
  /opt/rubies/2.1.2/lib/ruby/2.1.0/webrick/httpserver.rb:138:in `service'
  /opt/rubies/2.1.2/lib/ruby/2.1.0/webrick/httpserver.rb:94:in `run'
  /opt/rubies/2.1.2/lib/ruby/2.1.0/webrick/server.rb:295:in `block in start_thread'


  Rendered /opt/rubies/2.1.2/lib/ruby/gems/2.1.0/gems/actionpack-4.1.6/lib/action_dispatch/middleware/templates/rescues/_source.erb (1.6ms)
  Rendered /opt/rubies/2.1.2/lib/ruby/gems/2.1.0/gems/actionpack-4.1.6/lib/action_dispatch/middleware/templates/rescues/_trace.html.erb (6.8ms)
  Rendered /opt/rubies/2.1.2/lib/ruby/gems/2.1.0/gems/actionpack-4.1.6/lib/action_dispatch/middleware/templates/rescues/_request_and_response.html.erb (1.3ms)
  Rendered /opt/rubies/2.1.2/lib/ruby/gems/2.1.0/gems/actionpack-4.1.6/lib/action_dispatch/middleware/templates/rescues/diagnostics.erb within rescues/layout (31.6ms)
  [1m[36m (365.8ms)[0m  [1mCREATE DATABASE "andconf_development" ENCODING = 'unicode'[0m
  [1m[35m (27.3ms)[0m  CREATE TABLE "schema_migrations" ("version" character varying(255) NOT NULL) 
  [1m[36m (2.5ms)[0m  [1mCREATE UNIQUE INDEX  "unique_schema_migrations" ON "schema_migrations"  ("version")[0m
  [1m[35mActiveRecord::SchemaMigration Load (0.3ms)[0m  SELECT "schema_migrations".* FROM "schema_migrations"


Started GET "/donations" for 127.0.0.1 at 2015-06-04 12:43:19 -0700
Processing by DonationsController#show as HTML
  Rendered donations/show.html.haml within layouts/application (14.8ms)
Completed 200 OK in 165ms (Views: 164.4ms | ActiveRecord: 0.0ms)


Started GET "/donations" for 127.0.0.1 at 2015-06-04 12:43:27 -0700
Processing by DonationsController#show as HTML
  Rendered donations/show.html.haml within layouts/application (1.7ms)
Completed 200 OK in 23ms (Views: 23.0ms | ActiveRecord: 0.0ms)


Started GET "/donations" for 127.0.0.1 at 2015-06-04 12:43:28 -0700
Processing by DonationsController#show as HTML
  Rendered donations/show.html.haml within layouts/application (1.2ms)
Completed 200 OK in 22ms (Views: 21.3ms | ActiveRecord: 0.0ms)


Started GET "/donations" for 127.0.0.1 at 2015-06-04 12:44:59 -0700
Processing by DonationsController#show as HTML
  Rendered donations/show.html.haml within layouts/application (7.8ms)
Completed 500 Internal Server Error in 10ms

SyntaxError (/Users/ea/eanakashima/andconf/app/views/donations/show.html.haml:12: syntax error, unexpected tIDENTIFIER, expecting ')'
...ue_false((link_to "&:conf" href="/index.html"></a></li>
...                               ^
/Users/ea/eanakashima/andconf/app/views/donations/show.html.haml:12: syntax error, unexpected '<'
...o "&:conf" href="/index.html"></a></li>
...                               ^
/Users/ea/eanakashima/andconf/app/views/donations/show.html.haml:12: unknown regexp option - l
/Users/ea/eanakashima/andconf/app/views/donations/show.html.haml:13: syntax error, unexpected ')'
));}\n    </li>\n    <li><a hr...
 ^
/Users/ea/eanakashima/andconf/app/views/donations/show.html.haml:13: unknown regexp options - adcf
/Users/ea/eanakashima/andconf/app/views/donations/show.html.haml:13: syntax error, unexpected tIDENTIFIER, expecting ')'
...i><a href=\"/andconf_prospectus.pdf\">Sponsorship</a></li></...
...                               ^
/Users/ea/eanakashima/andconf/app/views/donations/show.html.haml:13: syntax error, unexpected $undefined
...href=\"/andconf_prospectus.pdf\">Sponsorship</a></li></li>\n...
...                               ^
/Users/ea/eanakashima/andconf/app/views/donations/show.html.haml:13: syntax error, unexpected ',', expecting ')'
...ction class='main-content'>\n", -2, false);
...                               ^
/Users/ea/eanakashima/andconf/app/views/donations/show.html.haml:67: syntax error, unexpected keyword_ensure, expecting tSTRING_DEND
...:Util.html_safe(_erbout);ensure;@haml_buffer = @haml_buffer....
...                               ^
/Users/ea/eanakashima/andconf/app/views/donations/show.html.haml:67: syntax error, unexpected keyword_end, expecting tSTRING_DEND
...uffer.upper if @haml_buffer;end;
...                               ^
/Users/ea/eanakashima/andconf/app/views/donations/show.html.haml:70: syntax error, unexpected keyword_end, expecting tSTRING_DEND):
  app/views/donations/show.html.haml:12: syntax error, unexpected tIDENTIFIER, expecting ')'
  app/views/donations/show.html.haml:12: syntax error, unexpected '<'
  app/views/donations/show.html.haml:12: unknown regexp option - l
  app/views/donations/show.html.haml:13: syntax error, unexpected ')'
  app/views/donations/show.html.haml:13: unknown regexp options - adcf
  app/views/donations/show.html.haml:13: syntax error, unexpected tIDENTIFIER, expecting ')'
  app/views/donations/show.html.haml:13: syntax error, unexpected $undefined
  app/views/donations/show.html.haml:13: syntax error, unexpected ',', expecting ')'
  app/views/donations/show.html.haml:67: syntax error, unexpected keyword_ensure, expecting tSTRING_DEND
  app/views/donations/show.html.haml:67: syntax error, unexpected keyword_end, expecting tSTRING_DEND
  app/views/donations/show.html.haml:70: syntax error, unexpected keyword_end, expecting tSTRING_DEND


  Rendered /opt/rubies/2.1.2/lib/ruby/gems/2.1.0/gems/actionpack-4.1.6/lib/action_dispatch/middleware/templates/rescues/_source.erb (0.7ms)
  Rendered /opt/rubies/2.1.2/lib/ruby/gems/2.1.0/gems/actionpack-4.1.6/lib/action_dispatch/middleware/templates/rescues/_trace.html.erb (1.5ms)
  Rendered /opt/rubies/2.1.2/lib/ruby/gems/2.1.0/gems/actionpack-4.1.6/lib/action_dispatch/middleware/templates/rescues/_request_and_response.html.erb (1.4ms)
  Rendered /opt/rubies/2.1.2/lib/ruby/gems/2.1.0/gems/actionpack-4.1.6/lib/action_dispatch/middleware/templates/rescues/diagnostics.erb within rescues/layout (16.0ms)


Started GET "/donations" for 127.0.0.1 at 2015-06-04 12:45:26 -0700
Processing by DonationsController#show as HTML
  Rendered donations/show.html.haml within layouts/application (6.0ms)
Completed 200 OK in 40ms (Views: 39.3ms | ActiveRecord: 0.0ms)


Started GET "/donations" for 127.0.0.1 at 2015-06-04 12:47:55 -0700
Processing by DonationsController#show as HTML
  Rendered donations/show.html.haml within layouts/application (11.0ms)
Completed 200 OK in 15ms (Views: 14.3ms | ActiveRecord: 0.0ms)


Started GET "/donations" for 127.0.0.1 at 2015-06-04 12:49:58 -0700
Processing by DonationsController#show as HTML
  Rendered donations/show.html.haml within layouts/application (8.9ms)
Completed 200 OK in 11ms (Views: 10.7ms | ActiveRecord: 0.0ms)


Started GET "/donations" for 127.0.0.1 at 2015-06-04 12:50:12 -0700
Processing by DonationsController#show as HTML
  Rendered donations/show.html.haml within layouts/application (1.6ms)
Completed 200 OK in 3ms (Views: 3.2ms | ActiveRecord: 0.0ms)


Started GET "/donations" for 127.0.0.1 at 2015-06-04 12:51:14 -0700
Processing by DonationsController#show as HTML
  Rendered donations/show.html.haml within layouts/application (1.6ms)
Completed 200 OK in 5ms (Views: 4.6ms | ActiveRecord: 0.0ms)


Started GET "/donations" for 127.0.0.1 at 2015-06-04 12:54:32 -0700
Processing by DonationsController#show as HTML
  Rendered donations/show.html.haml within layouts/application (6.6ms)
Completed 200 OK in 10ms (Views: 9.7ms | ActiveRecord: 0.0ms)


Started GET "/eanakashima/andconf" for 127.0.0.1 at 2015-06-04 12:54:55 -0700

ActionController::RoutingError (No route matches [GET] "/eanakashima/andconf"):
  actionpack (4.1.6) lib/action_dispatch/middleware/debug_exceptions.rb:21:in `call'
  actionpack (4.1.6) lib/action_dispatch/middleware/show_exceptions.rb:30:in `call'
  railties (4.1.6) lib/rails/rack/logger.rb:38:in `call_app'
  railties (4.1.6) lib/rails/rack/logger.rb:20:in `block in call'
  activesupport (4.1.6) lib/active_support/tagged_logging.rb:68:in `block in tagged'
  activesupport (4.1.6) lib/active_support/tagged_logging.rb:26:in `tagged'
  activesupport (4.1.6) lib/active_support/tagged_logging.rb:68:in `tagged'
  railties (4.1.6) lib/rails/rack/logger.rb:20:in `call'
  quiet_assets (1.1.0) lib/quiet_assets.rb:27:in `call_with_quiet_assets'
  actionpack (4.1.6) lib/action_dispatch/middleware/request_id.rb:21:in `call'
  rack (1.5.3) lib/rack/methodoverride.rb:21:in `call'
  rack (1.5.3) lib/rack/runtime.rb:17:in `call'
  activesupport (4.1.6) lib/active_support/cache/strategy/local_cache_middleware.rb:26:in `call'
  rack (1.5.3) lib/rack/lock.rb:17:in `call'
  actionpack (4.1.6) lib/action_dispatch/middleware/static.rb:64:in `call'
  rack (1.5.3) lib/rack/sendfile.rb:112:in `call'
  railties (4.1.6) lib/rails/engine.rb:514:in `call'
  railties (4.1.6) lib/rails/application.rb:144:in `call'
  rack (1.5.3) lib/rack/lock.rb:17:in `call'
  rack (1.5.3) lib/rack/content_length.rb:14:in `call'
  rack (1.5.3) lib/rack/handler/webrick.rb:60:in `service'
  /opt/rubies/2.1.2/lib/ruby/2.1.0/webrick/httpserver.rb:138:in `service'
  /opt/rubies/2.1.2/lib/ruby/2.1.0/webrick/httpserver.rb:94:in `run'
  /opt/rubies/2.1.2/lib/ruby/2.1.0/webrick/server.rb:295:in `block in start_thread'


  Rendered /opt/rubies/2.1.2/lib/ruby/gems/2.1.0/gems/actionpack-4.1.6/lib/action_dispatch/middleware/templates/rescues/_trace.html.erb (2.2ms)
  Rendered /opt/rubies/2.1.2/lib/ruby/gems/2.1.0/gems/actionpack-4.1.6/lib/action_dispatch/middleware/templates/routes/_route.html.erb (2.0ms)
  Rendered /opt/rubies/2.1.2/lib/ruby/gems/2.1.0/gems/actionpack-4.1.6/lib/action_dispatch/middleware/templates/routes/_table.html.erb (4.8ms)
  Rendered /opt/rubies/2.1.2/lib/ruby/gems/2.1.0/gems/actionpack-4.1.6/lib/action_dispatch/middleware/templates/rescues/routing_error.html.erb within rescues/layout (51.3ms)


Started GET "/eanakashima/andconf" for 127.0.0.1 at 2015-06-04 12:56:03 -0700

ActionController::RoutingError (No route matches [GET] "/eanakashima/andconf"):
  actionpack (4.1.6) lib/action_dispatch/middleware/debug_exceptions.rb:21:in `call'
  actionpack (4.1.6) lib/action_dispatch/middleware/show_exceptions.rb:30:in `call'
  railties (4.1.6) lib/rails/rack/logger.rb:38:in `call_app'
  railties (4.1.6) lib/rails/rack/logger.rb:20:in `block in call'
  activesupport (4.1.6) lib/active_support/tagged_logging.rb:68:in `block in tagged'
  activesupport (4.1.6) lib/active_support/tagged_logging.rb:26:in `tagged'
  activesupport (4.1.6) lib/active_support/tagged_logging.rb:68:in `tagged'
  railties (4.1.6) lib/rails/rack/logger.rb:20:in `call'
  quiet_assets (1.1.0) lib/quiet_assets.rb:27:in `call_with_quiet_assets'
  actionpack (4.1.6) lib/action_dispatch/middleware/request_id.rb:21:in `call'
  rack (1.5.3) lib/rack/methodoverride.rb:21:in `call'
  rack (1.5.3) lib/rack/runtime.rb:17:in `call'
  activesupport (4.1.6) lib/active_support/cache/strategy/local_cache_middleware.rb:26:in `call'
  rack (1.5.3) lib/rack/lock.rb:17:in `call'
  actionpack (4.1.6) lib/action_dispatch/middleware/static.rb:64:in `call'
  rack (1.5.3) lib/rack/sendfile.rb:112:in `call'
  railties (4.1.6) lib/rails/engine.rb:514:in `call'
  railties (4.1.6) lib/rails/application.rb:144:in `call'
  rack (1.5.3) lib/rack/lock.rb:17:in `call'
  rack (1.5.3) lib/rack/content_length.rb:14:in `call'
  rack (1.5.3) lib/rack/handler/webrick.rb:60:in `service'
  /opt/rubies/2.1.2/lib/ruby/2.1.0/webrick/httpserver.rb:138:in `service'
  /opt/rubies/2.1.2/lib/ruby/2.1.0/webrick/httpserver.rb:94:in `run'
  /opt/rubies/2.1.2/lib/ruby/2.1.0/webrick/server.rb:295:in `block in start_thread'


  Rendered /opt/rubies/2.1.2/lib/ruby/gems/2.1.0/gems/actionpack-4.1.6/lib/action_dispatch/middleware/templates/rescues/_trace.html.erb (1.2ms)
  Rendered /opt/rubies/2.1.2/lib/ruby/gems/2.1.0/gems/actionpack-4.1.6/lib/action_dispatch/middleware/templates/routes/_route.html.erb (0.9ms)
  Rendered /opt/rubies/2.1.2/lib/ruby/gems/2.1.0/gems/actionpack-4.1.6/lib/action_dispatch/middleware/templates/routes/_table.html.erb (1.9ms)
  Rendered /opt/rubies/2.1.2/lib/ruby/gems/2.1.0/gems/actionpack-4.1.6/lib/action_dispatch/middleware/templates/rescues/routing_error.html.erb within rescues/layout (18.1ms)


Started GET "/donations" for 127.0.0.1 at 2015-06-04 12:56:15 -0700
Processing by DonationsController#show as HTML
  Rendered donations/show.html.haml within layouts/application (2.3ms)
Completed 200 OK in 5ms (Views: 4.8ms | ActiveRecord: 0.0ms)


Started GET "/donations" for 127.0.0.1 at 2015-06-04 12:56:29 -0700
Processing by DonationsController#show as HTML
  Rendered donations/show.html.haml within layouts/application (1.6ms)
Completed 200 OK in 4ms (Views: 3.4ms | ActiveRecord: 0.0ms)


Started GET "/donations" for 127.0.0.1 at 2015-06-04 13:02:30 -0700
Processing by DonationsController#show as HTML
  Rendered donations/show.html.haml within layouts/application (2.3ms)
Completed 200 OK in 5ms (Views: 4.5ms | ActiveRecord: 0.0ms)


Started GET "/donations" for 127.0.0.1 at 2015-06-04 13:04:31 -0700
Processing by DonationsController#show as HTML
  Rendered donations/show.html.haml within layouts/application (7.5ms)
Completed 500 Internal Server Error in 9ms

SyntaxError (/Users/ea/eanakashima/andconf/app/views/donations/show.html.haml:43: syntax error, unexpected keyword_do_block
/Users/ea/eanakashima/andconf/app/views/donations/show.html.haml:70: syntax error, unexpected keyword_ensure, expecting end-of-input):
  app/views/donations/show.html.haml:43: syntax error, unexpected keyword_do_block
  app/views/donations/show.html.haml:70: syntax error, unexpected keyword_ensure, expecting end-of-input


  Rendered /opt/rubies/2.1.2/lib/ruby/gems/2.1.0/gems/actionpack-4.1.6/lib/action_dispatch/middleware/templates/rescues/_source.erb (1.2ms)
  Rendered /opt/rubies/2.1.2/lib/ruby/gems/2.1.0/gems/actionpack-4.1.6/lib/action_dispatch/middleware/templates/rescues/_trace.html.erb (1.8ms)
  Rendered /opt/rubies/2.1.2/lib/ruby/gems/2.1.0/gems/actionpack-4.1.6/lib/action_dispatch/middleware/templates/rescues/_request_and_response.html.erb (1.9ms)
  Rendered /opt/rubies/2.1.2/lib/ruby/gems/2.1.0/gems/actionpack-4.1.6/lib/action_dispatch/middleware/templates/rescues/diagnostics.erb within rescues/layout (22.0ms)


Started GET "/donations" for 127.0.0.1 at 2015-06-04 13:04:51 -0700
Processing by DonationsController#show as HTML
  Rendered donations/show.html.haml within layouts/application (5.6ms)
Completed 500 Internal Server Error in 8ms

SyntaxError (/Users/ea/eanakashima/andconf/app/views/donations/show.html.haml:43: syntax error, unexpected keyword_do_block
/Users/ea/eanakashima/andconf/app/views/donations/show.html.haml:70: syntax error, unexpected keyword_ensure, expecting end-of-input):
  app/views/donations/show.html.haml:43: syntax error, unexpected keyword_do_block
  app/views/donations/show.html.haml:70: syntax error, unexpected keyword_ensure, expecting end-of-input


  Rendered /opt/rubies/2.1.2/lib/ruby/gems/2.1.0/gems/actionpack-4.1.6/lib/action_dispatch/middleware/templates/rescues/_source.erb (1.4ms)
  Rendered /opt/rubies/2.1.2/lib/ruby/gems/2.1.0/gems/actionpack-4.1.6/lib/action_dispatch/middleware/templates/rescues/_trace.html.erb (1.2ms)
  Rendered /opt/rubies/2.1.2/lib/ruby/gems/2.1.0/gems/actionpack-4.1.6/lib/action_dispatch/middleware/templates/rescues/_request_and_response.html.erb (1.4ms)
  Rendered /opt/rubies/2.1.2/lib/ruby/gems/2.1.0/gems/actionpack-4.1.6/lib/action_dispatch/middleware/templates/rescues/diagnostics.erb within rescues/layout (15.6ms)


Started GET "/donations" for 127.0.0.1 at 2015-06-04 13:04:52 -0700
Processing by DonationsController#show as HTML
  Rendered donations/show.html.haml within layouts/application (4.9ms)
Completed 500 Internal Server Error in 7ms

SyntaxError (/Users/ea/eanakashima/andconf/app/views/donations/show.html.haml:43: syntax error, unexpected keyword_do_block
/Users/ea/eanakashima/andconf/app/views/donations/show.html.haml:70: syntax error, unexpected keyword_ensure, expecting end-of-input):
  app/views/donations/show.html.haml:43: syntax error, unexpected keyword_do_block
  app/views/donations/show.html.haml:70: syntax error, unexpected keyword_ensure, expecting end-of-input


  Rendered /opt/rubies/2.1.2/lib/ruby/gems/2.1.0/gems/actionpack-4.1.6/lib/action_dispatch/middleware/templates/rescues/_source.erb (0.6ms)
  Rendered /opt/rubies/2.1.2/lib/ruby/gems/2.1.0/gems/actionpack-4.1.6/lib/action_dispatch/middleware/templates/rescues/_trace.html.erb (1.3ms)
  Rendered /opt/rubies/2.1.2/lib/ruby/gems/2.1.0/gems/actionpack-4.1.6/lib/action_dispatch/middleware/templates/rescues/_request_and_response.html.erb (1.2ms)
  Rendered /opt/rubies/2.1.2/lib/ruby/gems/2.1.0/gems/actionpack-4.1.6/lib/action_dispatch/middleware/templates/rescues/diagnostics.erb within rescues/layout (13.8ms)


Started GET "/donations" for 127.0.0.1 at 2015-06-04 13:05:13 -0700
Processing by DonationsController#show as HTML
  Rendered donations/show.html.haml within layouts/application (4.7ms)
Completed 500 Internal Server Error in 7ms

SyntaxError (/Users/ea/eanakashima/andconf/app/views/donations/show.html.haml:43: syntax error, unexpected keyword_do_block
/Users/ea/eanakashima/andconf/app/views/donations/show.html.haml:70: syntax error, unexpected keyword_ensure, expecting end-of-input):
  app/views/donations/show.html.haml:43: syntax error, unexpected keyword_do_block
  app/views/donations/show.html.haml:70: syntax error, unexpected keyword_ensure, expecting end-of-input


  Rendered /opt/rubies/2.1.2/lib/ruby/gems/2.1.0/gems/actionpack-4.1.6/lib/action_dispatch/middleware/templates/rescues/_source.erb (0.5ms)
  Rendered /opt/rubies/2.1.2/lib/ruby/gems/2.1.0/gems/actionpack-4.1.6/lib/action_dispatch/middleware/templates/rescues/_trace.html.erb (1.1ms)
  Rendered /opt/rubies/2.1.2/lib/ruby/gems/2.1.0/gems/actionpack-4.1.6/lib/action_dispatch/middleware/templates/rescues/_request_and_response.html.erb (1.2ms)
  Rendered /opt/rubies/2.1.2/lib/ruby/gems/2.1.0/gems/actionpack-4.1.6/lib/action_dispatch/middleware/templates/rescues/diagnostics.erb within rescues/layout (12.1ms)


Started GET "/donations" for 127.0.0.1 at 2015-06-04 13:05:14 -0700
Processing by DonationsController#show as HTML
  Rendered donations/show.html.haml within layouts/application (4.6ms)
Completed 500 Internal Server Error in 6ms

SyntaxError (/Users/ea/eanakashima/andconf/app/views/donations/show.html.haml:43: syntax error, unexpected keyword_do_block
/Users/ea/eanakashima/andconf/app/views/donations/show.html.haml:70: syntax error, unexpected keyword_ensure, expecting end-of-input):
  app/views/donations/show.html.haml:43: syntax error, unexpected keyword_do_block
  app/views/donations/show.html.haml:70: syntax error, unexpected keyword_ensure, expecting end-of-input


  Rendered /opt/rubies/2.1.2/lib/ruby/gems/2.1.0/gems/actionpack-4.1.6/lib/action_dispatch/middleware/templates/rescues/_source.erb (0.6ms)
  Rendered /opt/rubies/2.1.2/lib/ruby/gems/2.1.0/gems/actionpack-4.1.6/lib/action_dispatch/middleware/templates/rescues/_trace.html.erb (1.0ms)
  Rendered /opt/rubies/2.1.2/lib/ruby/gems/2.1.0/gems/actionpack-4.1.6/lib/action_dispatch/middleware/templates/rescues/_request_and_response.html.erb (1.4ms)
  Rendered /opt/rubies/2.1.2/lib/ruby/gems/2.1.0/gems/actionpack-4.1.6/lib/action_dispatch/middleware/templates/rescues/diagnostics.erb within rescues/layout (13.1ms)


Started GET "/donations" for 127.0.0.1 at 2015-06-04 13:05:38 -0700
Processing by DonationsController#show as HTML
  Rendered donations/show.html.haml within layouts/application (5.8ms)
Completed 500 Internal Server Error in 8ms

SyntaxError (/Users/ea/eanakashima/andconf/app/views/donations/show.html.haml:70: syntax error, unexpected keyword_ensure, expecting end-of-input):
  app/views/donations/show.html.haml:70: syntax error, unexpected keyword_ensure, expecting end-of-input


  Rendered /opt/rubies/2.1.2/lib/ruby/gems/2.1.0/gems/actionpack-4.1.6/lib/action_dispatch/middleware/templates/rescues/_source.erb (0.6ms)
  Rendered /opt/rubies/2.1.2/lib/ruby/gems/2.1.0/gems/actionpack-4.1.6/lib/action_dispatch/middleware/templates/rescues/_trace.html.erb (1.4ms)
  Rendered /opt/rubies/2.1.2/lib/ruby/gems/2.1.0/gems/actionpack-4.1.6/lib/action_dispatch/middleware/templates/rescues/_request_and_response.html.erb (1.3ms)
  Rendered /opt/rubies/2.1.2/lib/ruby/gems/2.1.0/gems/actionpack-4.1.6/lib/action_dispatch/middleware/templates/rescues/diagnostics.erb within rescues/layout (16.0ms)


Started GET "/donations" for 127.0.0.1 at 2015-06-04 13:05:45 -0700
Processing by DonationsController#show as HTML
  Rendered donations/show.html.haml within layouts/application (11.8ms)
Completed 500 Internal Server Error in 13ms

SyntaxError (/Users/ea/eanakashima/andconf/app/views/donations/show.html.haml:70: syntax error, unexpected keyword_ensure, expecting end-of-input):
  app/views/donations/show.html.haml:70: syntax error, unexpected keyword_ensure, expecting end-of-input


  Rendered /opt/rubies/2.1.2/lib/ruby/gems/2.1.0/gems/actionpack-4.1.6/lib/action_dispatch/middleware/templates/rescues/_source.erb (0.9ms)
  Rendered /opt/rubies/2.1.2/lib/ruby/gems/2.1.0/gems/actionpack-4.1.6/lib/action_dispatch/middleware/templates/rescues/_trace.html.erb (2.3ms)
  Rendered /opt/rubies/2.1.2/lib/ruby/gems/2.1.0/gems/actionpack-4.1.6/lib/action_dispatch/middleware/templates/rescues/_request_and_response.html.erb (1.8ms)
  Rendered /opt/rubies/2.1.2/lib/ruby/gems/2.1.0/gems/actionpack-4.1.6/lib/action_dispatch/middleware/templates/rescues/diagnostics.erb within rescues/layout (26.2ms)


Started GET "/donations" for 127.0.0.1 at 2015-06-04 13:05:47 -0700
Processing by DonationsController#show as HTML
  Rendered donations/show.html.haml within layouts/application (4.6ms)
Completed 500 Internal Server Error in 7ms

SyntaxError (/Users/ea/eanakashima/andconf/app/views/donations/show.html.haml:70: syntax error, unexpected keyword_ensure, expecting end-of-input):
  app/views/donations/show.html.haml:70: syntax error, unexpected keyword_ensure, expecting end-of-input


  Rendered /opt/rubies/2.1.2/lib/ruby/gems/2.1.0/gems/actionpack-4.1.6/lib/action_dispatch/middleware/templates/rescues/_source.erb (0.4ms)
  Rendered /opt/rubies/2.1.2/lib/ruby/gems/2.1.0/gems/actionpack-4.1.6/lib/action_dispatch/middleware/templates/rescues/_trace.html.erb (0.9ms)
  Rendered /opt/rubies/2.1.2/lib/ruby/gems/2.1.0/gems/actionpack-4.1.6/lib/action_dispatch/middleware/templates/rescues/_request_and_response.html.erb (1.1ms)
  Rendered /opt/rubies/2.1.2/lib/ruby/gems/2.1.0/gems/actionpack-4.1.6/lib/action_dispatch/middleware/templates/rescues/diagnostics.erb within rescues/layout (11.7ms)


Started GET "/donations" for 127.0.0.1 at 2015-06-04 13:05:48 -0700
Processing by DonationsController#show as HTML
  Rendered donations/show.html.haml within layouts/application (6.0ms)
Completed 500 Internal Server Error in 8ms

SyntaxError (/Users/ea/eanakashima/andconf/app/views/donations/show.html.haml:70: syntax error, unexpected keyword_ensure, expecting end-of-input):
  app/views/donations/show.html.haml:70: syntax error, unexpected keyword_ensure, expecting end-of-input


  Rendered /opt/rubies/2.1.2/lib/ruby/gems/2.1.0/gems/actionpack-4.1.6/lib/action_dispatch/middleware/templates/rescues/_source.erb (0.4ms)
  Rendered /opt/rubies/2.1.2/lib/ruby/gems/2.1.0/gems/actionpack-4.1.6/lib/action_dispatch/middleware/templates/rescues/_trace.html.erb (1.0ms)
  Rendered /opt/rubies/2.1.2/lib/ruby/gems/2.1.0/gems/actionpack-4.1.6/lib/action_dispatch/middleware/templates/rescues/_request_and_response.html.erb (0.9ms)
  Rendered /opt/rubies/2.1.2/lib/ruby/gems/2.1.0/gems/actionpack-4.1.6/lib/action_dispatch/middleware/templates/rescues/diagnostics.erb within rescues/layout (11.2ms)


Started GET "/donations" for 127.0.0.1 at 2015-06-04 13:05:52 -0700
Processing by DonationsController#show as HTML
  Rendered donations/show.html.haml within layouts/application (7.2ms)
Completed 200 OK in 10ms (Views: 9.6ms | ActiveRecord: 0.0ms)


Started GET "/donations" for 127.0.0.1 at 2015-06-04 13:07:17 -0700
Processing by DonationsController#show as HTML
  Rendered donations/show.html.haml within layouts/application (1.5ms)
Completed 200 OK in 3ms (Views: 3.2ms | ActiveRecord: 0.0ms)


Started GET "/donations" for 127.0.0.1 at 2015-06-04 13:07:30 -0700
Processing by DonationsController#show as HTML
  Rendered donations/show.html.haml within layouts/application (2.5ms)
Completed 200 OK in 6ms (Views: 5.7ms | ActiveRecord: 0.0ms)


Started GET "/donations" for 127.0.0.1 at 2015-06-04 13:07:33 -0700
Processing by DonationsController#show as HTML
  Rendered donations/show.html.haml within layouts/application (2.9ms)
Completed 200 OK in 6ms (Views: 5.4ms | ActiveRecord: 0.0ms)


Started GET "/donations" for 127.0.0.1 at 2015-06-04 13:07:42 -0700
Processing by DonationsController#show as HTML
  Rendered donations/show.html.haml within layouts/application (2.0ms)
Completed 200 OK in 4ms (Views: 3.9ms | ActiveRecord: 0.0ms)


Started GET "/donations" for 127.0.0.1 at 2015-06-04 13:08:13 -0700
Processing by DonationsController#show as HTML
  Rendered donations/show.html.haml within layouts/application (1.8ms)
Completed 200 OK in 4ms (Views: 4.1ms | ActiveRecord: 0.0ms)


Started GET "/donations" for 127.0.0.1 at 2015-06-04 13:09:11 -0700
Processing by DonationsController#show as HTML
  Rendered donations/show.html.haml within layouts/application (1.8ms)
Completed 200 OK in 4ms (Views: 4.0ms | ActiveRecord: 0.0ms)


Started GET "/donations" for 127.0.0.1 at 2015-06-04 13:09:15 -0700
Processing by DonationsController#show as HTML
  Rendered donations/show.html.haml within layouts/application (2.1ms)
Completed 200 OK in 5ms (Views: 4.3ms | ActiveRecord: 0.0ms)


Started GET "/donations" for 127.0.0.1 at 2015-06-04 13:10:01 -0700
Processing by DonationsController#show as HTML
  Rendered donations/show.html.haml within layouts/application (1.6ms)
Completed 200 OK in 4ms (Views: 3.4ms | ActiveRecord: 0.0ms)


Started GET "/donations" for 127.0.0.1 at 2015-06-04 13:10:02 -0700
Processing by DonationsController#show as HTML
  Rendered donations/show.html.haml within layouts/application (2.0ms)
Completed 200 OK in 4ms (Views: 4.2ms | ActiveRecord: 0.0ms)


Started GET "/donations" for 127.0.0.1 at 2015-06-04 13:10:02 -0700
Processing by DonationsController#show as HTML
  Rendered donations/show.html.haml within layouts/application (1.7ms)
Completed 200 OK in 4ms (Views: 3.4ms | ActiveRecord: 0.0ms)


Started GET "/donations" for 127.0.0.1 at 2015-06-04 13:10:33 -0700
Processing by DonationsController#show as HTML
  Rendered donations/show.html.haml within layouts/application (2.0ms)
Completed 200 OK in 4ms (Views: 4.0ms | ActiveRecord: 0.0ms)


Started GET "/donations" for 127.0.0.1 at 2015-06-04 13:10:47 -0700
Processing by DonationsController#show as HTML
  Rendered donations/show.html.haml within layouts/application (2.5ms)
Completed 200 OK in 5ms (Views: 5.2ms | ActiveRecord: 0.0ms)


Started GET "/donations" for 127.0.0.1 at 2015-06-04 13:13:32 -0700
Processing by DonationsController#show as HTML
  Rendered donations/show.html.haml within layouts/application (2.2ms)
Completed 200 OK in 5ms (Views: 4.6ms | ActiveRecord: 0.0ms)


Started GET "/donations" for 127.0.0.1 at 2015-06-04 13:13:43 -0700
Processing by DonationsController#show as HTML
  Rendered donations/show.html.haml within layouts/application (1.5ms)
Completed 200 OK in 4ms (Views: 3.4ms | ActiveRecord: 0.0ms)


Started GET "/donations" for 127.0.0.1 at 2015-06-04 13:15:51 -0700
Processing by DonationsController#show as HTML
  Rendered donations/show.html.haml within layouts/application (6.5ms)
Completed 200 OK in 8ms (Views: 8.2ms | ActiveRecord: 0.0ms)


Started GET "/donations" for 127.0.0.1 at 2015-06-04 13:16:27 -0700
Processing by DonationsController#show as HTML
  Rendered donations/show.html.haml within layouts/application (1.3ms)
Completed 200 OK in 3ms (Views: 2.7ms | ActiveRecord: 0.0ms)


Started GET "/donations" for 127.0.0.1 at 2015-06-04 13:22:56 -0700
Processing by DonationsController#show as HTML
  Rendered donations/show.html.haml within layouts/application (6.4ms)
Completed 200 OK in 8ms (Views: 8.2ms | ActiveRecord: 0.0ms)


Started GET "/donations" for 127.0.0.1 at 2015-06-04 13:27:42 -0700
Processing by DonationsController#show as HTML
  Rendered donations/show.html.haml within layouts/application (3.0ms)
Completed 200 OK in 5ms (Views: 4.7ms | ActiveRecord: 0.0ms)


Started GET "/donations" for 127.0.0.1 at 2015-06-04 13:28:05 -0700
Processing by DonationsController#show as HTML
  Rendered donations/show.html.haml within layouts/application (1.7ms)
Completed 200 OK in 4ms (Views: 3.5ms | ActiveRecord: 0.0ms)
